<?xml version="1.0" encoding="UTF-8"?>
<testng-results ignored="0" total="1" passed="1" failed="0" skipped="0">
  <reporter-output>
  </reporter-output>
  <suite started-at="2021-05-30T17:58:16 IST" name="Default suite" finished-at="2021-05-30T17:58:23 IST" duration-ms="7023">
    <groups>
    </groups>
    <test started-at="2021-05-30T17:58:16 IST" name="Default test" finished-at="2021-05-30T17:58:23 IST" duration-ms="7023">
      <class name="rest.ParameterAuthentication.BearerTokenByGitHub">
        <test-method signature="authenticatingByBearerToken()[pri:0, instance:rest.ParameterAuthentication.BearerTokenByGitHub@f381794]" started-at="2021-05-30T17:58:16 IST" name="authenticatingByBearerToken" finished-at="2021-05-30T17:58:23 IST" duration-ms="6881" status="PASS">
          <reporter-output>
          </reporter-output>
        </test-method> <!-- authenticatingByBearerToken -->
      </class> <!-- rest.ParameterAuthentication.BearerTokenByGitHub -->
    </test> <!-- Default test -->
  </suite> <!-- Default suite -->
</testng-results>
